<?xml version="1.0" encoding="UTF-8"?>
<testng-results ignored="0" total="1" passed="1" failed="0" skipped="0">
  <reporter-output>
  </reporter-output>
  <suite started-at="2023-07-05T14:15:19 PDT" name="Suite" finished-at="2023-07-05T14:15:56 PDT" duration-ms="36269">
    <groups>
    </groups>
    <test started-at="2023-07-05T14:15:19 PDT" name="Test" finished-at="2023-07-05T14:15:56 PDT" duration-ms="36269">
      <class name="indium.Project.NewCustomerButtonTest">
        <test-method is-config="true" signature="preSetup()[pri:0, instance:indium.Project.NewCustomerButtonTest@4145bad8]" started-at="2023-07-05T14:15:19 PDT" name="preSetup" finished-at="2023-07-05T14:15:19 PDT" duration-ms="10" status="PASS">
          <reporter-output>
          </reporter-output>
        </test-method> <!-- preSetup -->
        <test-method is-config="true" signature="setup()[pri:0, instance:indium.Project.NewCustomerButtonTest@4145bad8]" started-at="2023-07-05T14:15:19 PDT" name="setup" finished-at="2023-07-05T14:15:36 PDT" duration-ms="16258" status="PASS">
          <reporter-output>
          </reporter-output>
        </test-method> <!-- setup -->
        <test-method signature="VerifyUserIsAbleToClickNewCustomerButton(java.lang.String,java.lang.String)[pri:0, instance:indium.Project.NewCustomerButtonTest@4145bad8]" started-at="2023-07-05T14:15:36 PDT" name="VerifyUserIsAbleToClickNewCustomerButton" finished-at="2023-07-05T14:15:50 PDT" duration-ms="14062" status="PASS">
          <params>
            <param index="0">
              <value>
                <![CDATA[mngr510235]]>
              </value>
            </param>
            <param index="1">
              <value>
                <![CDATA[nEzUpEv]]>
              </value>
            </param>
          </params>
          <reporter-output>
          </reporter-output>
        </test-method> <!-- VerifyUserIsAbleToClickNewCustomerButton -->
        <test-method is-config="true" signature="takeScreenShot(org.testng.ITestResult)[pri:0, instance:indium.Project.NewCustomerButtonTest@4145bad8]" started-at="2023-07-05T14:15:50 PDT" name="takeScreenShot" finished-at="2023-07-05T14:15:50 PDT" duration-ms="1" status="PASS">
          <params>
            <param index="0">
              <value>
                <![CDATA[[TestResult name=VerifyUserIsAbleToClickNewCustomerButton status=SUCCESS method=NewCustomerButtonTest.VerifyUserIsAbleToClickNewCustomerButton(java.lang.String,java.lang.String)[pri:0, instance:indium.Project.NewCustomerButtonTest@4145bad8] output={null}]]]>
              </value>
            </param>
          </params>
          <reporter-output>
          </reporter-output>
        </test-method> <!-- takeScreenShot -->
        <test-method is-config="true" signature="closeDown()[pri:0, instance:indium.Project.NewCustomerButtonTest@4145bad8]" started-at="2023-07-05T14:15:50 PDT" name="closeDown" finished-at="2023-07-05T14:15:56 PDT" duration-ms="5911" status="PASS">
          <reporter-output>
          </reporter-output>
        </test-method> <!-- closeDown -->
      </class> <!-- indium.Project.NewCustomerButtonTest -->
    </test> <!-- Test -->
  </suite> <!-- Suite -->
</testng-results>
